2023-12-16 11:14:50.788 +08:00 [Demo01] [Information] SkyApm.InstrumentStartup : Initializing ...
2023-12-16 11:14:50.818 +08:00 [Demo01] [Information] SkyApm.Service.RegisterService : Loaded instrument service [SkyApm.Service.RegisterService].
2023-12-16 11:14:50.818 +08:00 [Demo01] [Information] SkyApm.Service.PingService : Loaded instrument service [SkyApm.Service.PingService].
2023-12-16 11:14:50.818 +08:00 [Demo01] [Information] SkyApm.Service.ServiceDiscoveryV5Service : Loaded instrument service [SkyApm.Service.ServiceDiscoveryV5Service].
2023-12-16 11:14:50.819 +08:00 [Demo01] [Information] SkyApm.Service.SegmentReportService : Loaded instrument service [SkyApm.Service.SegmentReportService].
2023-12-16 11:14:50.819 +08:00 [Demo01] [Information] SkyApm.Service.CLRStatsService : Loaded instrument service [SkyApm.Service.CLRStatsService].
2023-12-16 11:14:50.819 +08:00 [Demo01] [Information] SkyApm.Sampling.SimpleCountSamplingInterceptor : Loaded instrument service [SkyApm.Sampling.SimpleCountSamplingInterceptor].
2023-12-16 11:14:50.820 +08:00 [Demo01] [Information] SkyApm.Transport.Grpc.V6.ConnectService : Loaded instrument service [SkyApm.Transport.Grpc.V6.ConnectService].
2023-12-16 11:14:50.867 +08:00 [Demo01] [Information] SkyApm.Diagnostics.TracingDiagnosticProcessorObserver : Loaded diagnostic listener [HttpHandlerDiagnosticListener].
2023-12-16 11:14:50.869 +08:00 [Demo01] [Information] SkyApm.Diagnostics.TracingDiagnosticProcessorObserver : Loaded diagnostic listener [Microsoft.AspNetCore].
2023-12-16 11:14:50.869 +08:00 [Demo01] [Information] SkyApm.InstrumentStartup : Started SkyAPM .NET Core Agent.
2023-12-16 11:14:51.093 +08:00 [Demo01] [Information] SkyApm.Diagnostics.TracingDiagnosticProcessorObserver : Loaded diagnostic listener [Microsoft.EntityFrameworkCore].
2023-12-16 11:15:00.950 +08:00 [Demo01] [Error] SkyApm.Transport.Grpc.ConnectionManager : Connect server timeout.
System.Threading.Tasks.TaskCanceledException: Reached deadline.
   at Grpc.Core.Channel.WaitForStateChangedAsync(ChannelState lastObservedState, Nullable`1 deadline)
   at Grpc.Core.Channel.ConnectAsync(Nullable`1 deadline)
   at SkyApm.Transport.Grpc.ConnectionManager.ConnectAsync()
2023-12-16 11:15:05.849 +08:00 [Demo01] [Information] SkyApm.Transport.Grpc.ConnectionManager : Shutdown connection[127.0.0.1:11800].
2023-12-16 11:15:15.871 +08:00 [Demo01] [Error] SkyApm.Transport.Grpc.ConnectionManager : Connect server timeout.
System.Threading.Tasks.TaskCanceledException: Reached deadline.
   at Grpc.Core.Channel.WaitForStateChangedAsync(ChannelState lastObservedState, Nullable`1 deadline)
   at Grpc.Core.Channel.ConnectAsync(Nullable`1 deadline)
   at SkyApm.Transport.Grpc.ConnectionManager.ConnectAsync()
2023-12-16 11:15:20.832 +08:00 [Demo01] [Information] SkyApm.Transport.Grpc.ConnectionManager : Shutdown connection[127.0.0.1:11800].
2023-12-16 11:15:30.850 +08:00 [Demo01] [Error] SkyApm.Transport.Grpc.ConnectionManager : Connect server timeout.
System.Threading.Tasks.TaskCanceledException: Reached deadline.
   at Grpc.Core.Channel.WaitForStateChangedAsync(ChannelState lastObservedState, Nullable`1 deadline)
   at Grpc.Core.Channel.ConnectAsync(Nullable`1 deadline)
   at SkyApm.Transport.Grpc.ConnectionManager.ConnectAsync()
2023-12-16 11:15:35.849 +08:00 [Demo01] [Information] SkyApm.Transport.Grpc.ConnectionManager : Shutdown connection[127.0.0.1:11800].
2023-12-16 11:15:45.872 +08:00 [Demo01] [Error] SkyApm.Transport.Grpc.ConnectionManager : Connect server timeout.
System.Threading.Tasks.TaskCanceledException: Reached deadline.
   at Grpc.Core.Channel.WaitForStateChangedAsync(ChannelState lastObservedState, Nullable`1 deadline)
   at Grpc.Core.Channel.ConnectAsync(Nullable`1 deadline)
   at SkyApm.Transport.Grpc.ConnectionManager.ConnectAsync()
2023-12-16 11:15:50.845 +08:00 [Demo01] [Information] SkyApm.Transport.Grpc.ConnectionManager : Shutdown connection[127.0.0.1:11800].
2023-12-16 11:16:42.579 +08:00 [Demo01] [Information] SkyApm.InstrumentStartup : Initializing ...
2023-12-16 11:16:42.613 +08:00 [Demo01] [Information] SkyApm.Service.RegisterService : Loaded instrument service [SkyApm.Service.RegisterService].
2023-12-16 11:16:42.614 +08:00 [Demo01] [Information] SkyApm.Service.PingService : Loaded instrument service [SkyApm.Service.PingService].
2023-12-16 11:16:42.614 +08:00 [Demo01] [Information] SkyApm.Service.ServiceDiscoveryV5Service : Loaded instrument service [SkyApm.Service.ServiceDiscoveryV5Service].
2023-12-16 11:16:42.614 +08:00 [Demo01] [Information] SkyApm.Service.SegmentReportService : Loaded instrument service [SkyApm.Service.SegmentReportService].
2023-12-16 11:16:42.614 +08:00 [Demo01] [Information] SkyApm.Service.CLRStatsService : Loaded instrument service [SkyApm.Service.CLRStatsService].
2023-12-16 11:16:42.615 +08:00 [Demo01] [Information] SkyApm.Sampling.SimpleCountSamplingInterceptor : Loaded instrument service [SkyApm.Sampling.SimpleCountSamplingInterceptor].
2023-12-16 11:16:42.615 +08:00 [Demo01] [Information] SkyApm.Transport.Grpc.V6.ConnectService : Loaded instrument service [SkyApm.Transport.Grpc.V6.ConnectService].
2023-12-16 11:16:42.666 +08:00 [Demo01] [Information] SkyApm.Diagnostics.TracingDiagnosticProcessorObserver : Loaded diagnostic listener [HttpHandlerDiagnosticListener].
2023-12-16 11:16:42.668 +08:00 [Demo01] [Information] SkyApm.Diagnostics.TracingDiagnosticProcessorObserver : Loaded diagnostic listener [Microsoft.AspNetCore].
2023-12-16 11:16:42.668 +08:00 [Demo01] [Information] SkyApm.InstrumentStartup : Started SkyAPM .NET Core Agent.
2023-12-16 11:16:42.884 +08:00 [Demo01] [Information] SkyApm.Diagnostics.TracingDiagnosticProcessorObserver : Loaded diagnostic listener [Microsoft.EntityFrameworkCore].
2023-12-16 11:16:52.730 +08:00 [Demo01] [Error] SkyApm.Transport.Grpc.ConnectionManager : Connect server timeout.
System.Threading.Tasks.TaskCanceledException: Reached deadline.
   at Grpc.Core.Channel.WaitForStateChangedAsync(ChannelState lastObservedState, Nullable`1 deadline)
   at Grpc.Core.Channel.ConnectAsync(Nullable`1 deadline)
   at SkyApm.Transport.Grpc.ConnectionManager.ConnectAsync()
2023-12-16 11:16:57.664 +08:00 [Demo01] [Information] SkyApm.Transport.Grpc.ConnectionManager : Shutdown connection[127.0.0.1:11800].
2023-12-16 11:17:07.683 +08:00 [Demo01] [Error] SkyApm.Transport.Grpc.ConnectionManager : Connect server timeout.
System.Threading.Tasks.TaskCanceledException: Reached deadline.
   at Grpc.Core.Channel.WaitForStateChangedAsync(ChannelState lastObservedState, Nullable`1 deadline)
   at Grpc.Core.Channel.ConnectAsync(Nullable`1 deadline)
   at SkyApm.Transport.Grpc.ConnectionManager.ConnectAsync()
2023-12-16 11:17:12.630 +08:00 [Demo01] [Information] SkyApm.Transport.Grpc.ConnectionManager : Shutdown connection[127.0.0.1:11800].
2023-12-16 11:19:38.889 +08:00 [Demo01] [Information] SkyApm.InstrumentStartup : Initializing ...
2023-12-16 11:19:38.923 +08:00 [Demo01] [Information] SkyApm.Service.RegisterService : Loaded instrument service [SkyApm.Service.RegisterService].
2023-12-16 11:19:38.923 +08:00 [Demo01] [Information] SkyApm.Service.PingService : Loaded instrument service [SkyApm.Service.PingService].
2023-12-16 11:19:38.923 +08:00 [Demo01] [Information] SkyApm.Service.ServiceDiscoveryV5Service : Loaded instrument service [SkyApm.Service.ServiceDiscoveryV5Service].
2023-12-16 11:19:38.923 +08:00 [Demo01] [Information] SkyApm.Service.SegmentReportService : Loaded instrument service [SkyApm.Service.SegmentReportService].
2023-12-16 11:19:38.924 +08:00 [Demo01] [Information] SkyApm.Service.CLRStatsService : Loaded instrument service [SkyApm.Service.CLRStatsService].
2023-12-16 11:19:38.924 +08:00 [Demo01] [Information] SkyApm.Sampling.SimpleCountSamplingInterceptor : Loaded instrument service [SkyApm.Sampling.SimpleCountSamplingInterceptor].
2023-12-16 11:19:38.924 +08:00 [Demo01] [Information] SkyApm.Transport.Grpc.V6.ConnectService : Loaded instrument service [SkyApm.Transport.Grpc.V6.ConnectService].
2023-12-16 11:19:38.974 +08:00 [Demo01] [Information] SkyApm.Diagnostics.TracingDiagnosticProcessorObserver : Loaded diagnostic listener [HttpHandlerDiagnosticListener].
2023-12-16 11:19:38.975 +08:00 [Demo01] [Information] SkyApm.Diagnostics.TracingDiagnosticProcessorObserver : Loaded diagnostic listener [Microsoft.AspNetCore].
2023-12-16 11:19:38.975 +08:00 [Demo01] [Information] SkyApm.InstrumentStartup : Started SkyAPM .NET Core Agent.
2023-12-16 11:19:39.196 +08:00 [Demo01] [Information] SkyApm.Diagnostics.TracingDiagnosticProcessorObserver : Loaded diagnostic listener [Microsoft.EntityFrameworkCore].
2023-12-16 11:19:49.046 +08:00 [Demo01] [Error] SkyApm.Transport.Grpc.ConnectionManager : Connect server timeout.
System.Threading.Tasks.TaskCanceledException: Reached deadline.
   at Grpc.Core.Channel.WaitForStateChangedAsync(ChannelState lastObservedState, Nullable`1 deadline)
   at Grpc.Core.Channel.ConnectAsync(Nullable`1 deadline)
   at SkyApm.Transport.Grpc.ConnectionManager.ConnectAsync()
2023-12-16 11:19:53.951 +08:00 [Demo01] [Information] SkyApm.Transport.Grpc.ConnectionManager : Shutdown connection[127.0.0.1:11800].
2023-12-16 11:20:03.978 +08:00 [Demo01] [Error] SkyApm.Transport.Grpc.ConnectionManager : Connect server timeout.
System.Threading.Tasks.TaskCanceledException: Reached deadline.
   at Grpc.Core.Channel.WaitForStateChangedAsync(ChannelState lastObservedState, Nullable`1 deadline)
   at Grpc.Core.Channel.ConnectAsync(Nullable`1 deadline)
   at SkyApm.Transport.Grpc.ConnectionManager.ConnectAsync()
2023-12-16 11:20:08.951 +08:00 [Demo01] [Information] SkyApm.Transport.Grpc.ConnectionManager : Shutdown connection[127.0.0.1:11800].
2023-12-16 11:21:06.716 +08:00 [Demo01] [Information] SkyApm.InstrumentStartup : Initializing ...
2023-12-16 11:21:06.748 +08:00 [Demo01] [Information] SkyApm.Service.RegisterService : Loaded instrument service [SkyApm.Service.RegisterService].
2023-12-16 11:21:06.749 +08:00 [Demo01] [Information] SkyApm.Service.PingService : Loaded instrument service [SkyApm.Service.PingService].
2023-12-16 11:21:06.749 +08:00 [Demo01] [Information] SkyApm.Service.ServiceDiscoveryV5Service : Loaded instrument service [SkyApm.Service.ServiceDiscoveryV5Service].
2023-12-16 11:21:06.749 +08:00 [Demo01] [Information] SkyApm.Service.SegmentReportService : Loaded instrument service [SkyApm.Service.SegmentReportService].
2023-12-16 11:21:06.749 +08:00 [Demo01] [Information] SkyApm.Service.CLRStatsService : Loaded instrument service [SkyApm.Service.CLRStatsService].
2023-12-16 11:21:06.749 +08:00 [Demo01] [Information] SkyApm.Sampling.SimpleCountSamplingInterceptor : Loaded instrument service [SkyApm.Sampling.SimpleCountSamplingInterceptor].
2023-12-16 11:21:06.750 +08:00 [Demo01] [Information] SkyApm.Transport.Grpc.V6.ConnectService : Loaded instrument service [SkyApm.Transport.Grpc.V6.ConnectService].
2023-12-16 11:21:06.801 +08:00 [Demo01] [Information] SkyApm.Diagnostics.TracingDiagnosticProcessorObserver : Loaded diagnostic listener [HttpHandlerDiagnosticListener].
2023-12-16 11:21:06.802 +08:00 [Demo01] [Information] SkyApm.Diagnostics.TracingDiagnosticProcessorObserver : Loaded diagnostic listener [Microsoft.AspNetCore].
2023-12-16 11:21:06.802 +08:00 [Demo01] [Information] SkyApm.InstrumentStartup : Started SkyAPM .NET Core Agent.
2023-12-16 11:21:07.035 +08:00 [Demo01] [Information] SkyApm.Diagnostics.TracingDiagnosticProcessorObserver : Loaded diagnostic listener [Microsoft.EntityFrameworkCore].
2023-12-16 11:21:16.889 +08:00 [Demo01] [Error] SkyApm.Transport.Grpc.ConnectionManager : Connect server timeout.
System.Threading.Tasks.TaskCanceledException: Reached deadline.
   at Grpc.Core.Channel.WaitForStateChangedAsync(ChannelState lastObservedState, Nullable`1 deadline)
   at Grpc.Core.Channel.ConnectAsync(Nullable`1 deadline)
   at SkyApm.Transport.Grpc.ConnectionManager.ConnectAsync()
2023-12-16 11:21:21.800 +08:00 [Demo01] [Information] SkyApm.Transport.Grpc.ConnectionManager : Shutdown connection[127.0.0.1:11800].
2023-12-16 11:21:31.814 +08:00 [Demo01] [Error] SkyApm.Transport.Grpc.ConnectionManager : Connect server timeout.
System.Threading.Tasks.TaskCanceledException: Reached deadline.
   at Grpc.Core.Channel.WaitForStateChangedAsync(ChannelState lastObservedState, Nullable`1 deadline)
   at Grpc.Core.Channel.ConnectAsync(Nullable`1 deadline)
   at SkyApm.Transport.Grpc.ConnectionManager.ConnectAsync()
2023-12-16 11:21:36.769 +08:00 [Demo01] [Information] SkyApm.Transport.Grpc.ConnectionManager : Shutdown connection[127.0.0.1:11800].
2023-12-16 11:21:46.798 +08:00 [Demo01] [Error] SkyApm.Transport.Grpc.ConnectionManager : Connect server timeout.
System.Threading.Tasks.TaskCanceledException: Reached deadline.
   at Grpc.Core.Channel.WaitForStateChangedAsync(ChannelState lastObservedState, Nullable`1 deadline)
   at Grpc.Core.Channel.ConnectAsync(Nullable`1 deadline)
   at SkyApm.Transport.Grpc.ConnectionManager.ConnectAsync()
2023-12-16 11:21:51.767 +08:00 [Demo01] [Information] SkyApm.Transport.Grpc.ConnectionManager : Shutdown connection[127.0.0.1:11800].
2023-12-16 11:22:01.784 +08:00 [Demo01] [Error] SkyApm.Transport.Grpc.ConnectionManager : Connect server timeout.
System.Threading.Tasks.TaskCanceledException: Reached deadline.
   at Grpc.Core.Channel.WaitForStateChangedAsync(ChannelState lastObservedState, Nullable`1 deadline)
   at Grpc.Core.Channel.ConnectAsync(Nullable`1 deadline)
   at SkyApm.Transport.Grpc.ConnectionManager.ConnectAsync()
2023-12-16 12:58:20.503 +08:00 [Demo01] [Information] SkyApm.InstrumentStartup : Initializing ...
2023-12-16 12:58:20.538 +08:00 [Demo01] [Information] SkyApm.Service.RegisterService : Loaded instrument service [SkyApm.Service.RegisterService].
2023-12-16 12:58:20.538 +08:00 [Demo01] [Information] SkyApm.Service.PingService : Loaded instrument service [SkyApm.Service.PingService].
2023-12-16 12:58:20.538 +08:00 [Demo01] [Information] SkyApm.Service.ServiceDiscoveryV5Service : Loaded instrument service [SkyApm.Service.ServiceDiscoveryV5Service].
2023-12-16 12:58:20.538 +08:00 [Demo01] [Information] SkyApm.Service.SegmentReportService : Loaded instrument service [SkyApm.Service.SegmentReportService].
2023-12-16 12:58:20.539 +08:00 [Demo01] [Information] SkyApm.Service.CLRStatsService : Loaded instrument service [SkyApm.Service.CLRStatsService].
2023-12-16 12:58:20.539 +08:00 [Demo01] [Information] SkyApm.Sampling.SimpleCountSamplingInterceptor : Loaded instrument service [SkyApm.Sampling.SimpleCountSamplingInterceptor].
2023-12-16 12:58:20.539 +08:00 [Demo01] [Information] SkyApm.Transport.Grpc.V6.ConnectService : Loaded instrument service [SkyApm.Transport.Grpc.V6.ConnectService].
2023-12-16 12:58:20.589 +08:00 [Demo01] [Information] SkyApm.Diagnostics.TracingDiagnosticProcessorObserver : Loaded diagnostic listener [HttpHandlerDiagnosticListener].
2023-12-16 12:58:20.590 +08:00 [Demo01] [Information] SkyApm.Diagnostics.TracingDiagnosticProcessorObserver : Loaded diagnostic listener [Microsoft.AspNetCore].
2023-12-16 12:58:20.590 +08:00 [Demo01] [Information] SkyApm.InstrumentStartup : Started SkyAPM .NET Core Agent.
2023-12-16 12:58:20.775 +08:00 [Demo01] [Information] SkyApm.Diagnostics.TracingDiagnosticProcessorObserver : Loaded diagnostic listener [Microsoft.EntityFrameworkCore].
2023-12-16 12:58:30.673 +08:00 [Demo01] [Error] SkyApm.Transport.Grpc.ConnectionManager : Connect server timeout.
System.Threading.Tasks.TaskCanceledException: Reached deadline.
   at Grpc.Core.Channel.WaitForStateChangedAsync(ChannelState lastObservedState, Nullable`1 deadline)
   at Grpc.Core.Channel.ConnectAsync(Nullable`1 deadline)
   at SkyApm.Transport.Grpc.ConnectionManager.ConnectAsync()
2023-12-16 12:58:35.575 +08:00 [Demo01] [Information] SkyApm.Transport.Grpc.ConnectionManager : Shutdown connection[127.0.0.1:11800].
2023-12-16 12:58:45.604 +08:00 [Demo01] [Error] SkyApm.Transport.Grpc.ConnectionManager : Connect server timeout.
System.Threading.Tasks.TaskCanceledException: Reached deadline.
   at Grpc.Core.Channel.WaitForStateChangedAsync(ChannelState lastObservedState, Nullable`1 deadline)
   at Grpc.Core.Channel.ConnectAsync(Nullable`1 deadline)
   at SkyApm.Transport.Grpc.ConnectionManager.ConnectAsync()
2023-12-16 12:58:50.563 +08:00 [Demo01] [Information] SkyApm.Transport.Grpc.ConnectionManager : Shutdown connection[127.0.0.1:11800].
2023-12-16 12:59:00.590 +08:00 [Demo01] [Error] SkyApm.Transport.Grpc.ConnectionManager : Connect server timeout.
System.Threading.Tasks.TaskCanceledException: Reached deadline.
   at Grpc.Core.Channel.WaitForStateChangedAsync(ChannelState lastObservedState, Nullable`1 deadline)
   at Grpc.Core.Channel.ConnectAsync(Nullable`1 deadline)
   at SkyApm.Transport.Grpc.ConnectionManager.ConnectAsync()
2023-12-16 12:59:05.556 +08:00 [Demo01] [Information] SkyApm.Transport.Grpc.ConnectionManager : Shutdown connection[127.0.0.1:11800].
2023-12-16 12:59:15.580 +08:00 [Demo01] [Error] SkyApm.Transport.Grpc.ConnectionManager : Connect server timeout.
System.Threading.Tasks.TaskCanceledException: Reached deadline.
   at Grpc.Core.Channel.WaitForStateChangedAsync(ChannelState lastObservedState, Nullable`1 deadline)
   at Grpc.Core.Channel.ConnectAsync(Nullable`1 deadline)
   at SkyApm.Transport.Grpc.ConnectionManager.ConnectAsync()
2023-12-16 12:59:20.563 +08:00 [Demo01] [Information] SkyApm.Transport.Grpc.ConnectionManager : Shutdown connection[127.0.0.1:11800].
2023-12-16 12:59:30.580 +08:00 [Demo01] [Error] SkyApm.Transport.Grpc.ConnectionManager : Connect server timeout.
System.Threading.Tasks.TaskCanceledException: Reached deadline.
   at Grpc.Core.Channel.WaitForStateChangedAsync(ChannelState lastObservedState, Nullable`1 deadline)
   at Grpc.Core.Channel.ConnectAsync(Nullable`1 deadline)
   at SkyApm.Transport.Grpc.ConnectionManager.ConnectAsync()
2023-12-16 12:59:35.563 +08:00 [Demo01] [Information] SkyApm.Transport.Grpc.ConnectionManager : Shutdown connection[127.0.0.1:11800].
2023-12-16 12:59:45.590 +08:00 [Demo01] [Error] SkyApm.Transport.Grpc.ConnectionManager : Connect server timeout.
System.Threading.Tasks.TaskCanceledException: Reached deadline.
   at Grpc.Core.Channel.WaitForStateChangedAsync(ChannelState lastObservedState, Nullable`1 deadline)
   at Grpc.Core.Channel.ConnectAsync(Nullable`1 deadline)
   at SkyApm.Transport.Grpc.ConnectionManager.ConnectAsync()
2023-12-16 12:59:50.557 +08:00 [Demo01] [Information] SkyApm.Transport.Grpc.ConnectionManager : Shutdown connection[127.0.0.1:11800].
2023-12-16 13:00:00.587 +08:00 [Demo01] [Error] SkyApm.Transport.Grpc.ConnectionManager : Connect server timeout.
System.Threading.Tasks.TaskCanceledException: Reached deadline.
   at Grpc.Core.Channel.WaitForStateChangedAsync(ChannelState lastObservedState, Nullable`1 deadline)
   at Grpc.Core.Channel.ConnectAsync(Nullable`1 deadline)
   at SkyApm.Transport.Grpc.ConnectionManager.ConnectAsync()
2023-12-16 13:00:05.557 +08:00 [Demo01] [Information] SkyApm.Transport.Grpc.ConnectionManager : Shutdown connection[127.0.0.1:11800].
2023-12-16 13:00:15.575 +08:00 [Demo01] [Error] SkyApm.Transport.Grpc.ConnectionManager : Connect server timeout.
System.Threading.Tasks.TaskCanceledException: Reached deadline.
   at Grpc.Core.Channel.WaitForStateChangedAsync(ChannelState lastObservedState, Nullable`1 deadline)
   at Grpc.Core.Channel.ConnectAsync(Nullable`1 deadline)
   at SkyApm.Transport.Grpc.ConnectionManager.ConnectAsync()
2023-12-16 13:00:20.550 +08:00 [Demo01] [Information] SkyApm.Transport.Grpc.ConnectionManager : Shutdown connection[127.0.0.1:11800].
2023-12-16 13:02:13.778 +08:00 [Demo01] [Information] SkyApm.InstrumentStartup : Initializing ...
2023-12-16 13:02:13.809 +08:00 [Demo01] [Information] SkyApm.Service.RegisterService : Loaded instrument service [SkyApm.Service.RegisterService].
2023-12-16 13:02:13.809 +08:00 [Demo01] [Information] SkyApm.Service.PingService : Loaded instrument service [SkyApm.Service.PingService].
2023-12-16 13:02:13.809 +08:00 [Demo01] [Information] SkyApm.Service.ServiceDiscoveryV5Service : Loaded instrument service [SkyApm.Service.ServiceDiscoveryV5Service].
2023-12-16 13:02:13.810 +08:00 [Demo01] [Information] SkyApm.Service.SegmentReportService : Loaded instrument service [SkyApm.Service.SegmentReportService].
2023-12-16 13:02:13.810 +08:00 [Demo01] [Information] SkyApm.Service.CLRStatsService : Loaded instrument service [SkyApm.Service.CLRStatsService].
2023-12-16 13:02:13.810 +08:00 [Demo01] [Information] SkyApm.Sampling.SimpleCountSamplingInterceptor : Loaded instrument service [SkyApm.Sampling.SimpleCountSamplingInterceptor].
2023-12-16 13:02:13.810 +08:00 [Demo01] [Information] SkyApm.Transport.Grpc.V6.ConnectService : Loaded instrument service [SkyApm.Transport.Grpc.V6.ConnectService].
2023-12-16 13:02:13.860 +08:00 [Demo01] [Information] SkyApm.Diagnostics.TracingDiagnosticProcessorObserver : Loaded diagnostic listener [HttpHandlerDiagnosticListener].
2023-12-16 13:02:13.861 +08:00 [Demo01] [Information] SkyApm.Diagnostics.TracingDiagnosticProcessorObserver : Loaded diagnostic listener [Microsoft.AspNetCore].
2023-12-16 13:02:13.862 +08:00 [Demo01] [Information] SkyApm.InstrumentStartup : Started SkyAPM .NET Core Agent.
2023-12-16 13:02:14.080 +08:00 [Demo01] [Information] SkyApm.Diagnostics.TracingDiagnosticProcessorObserver : Loaded diagnostic listener [Microsoft.EntityFrameworkCore].
2023-12-16 13:02:23.963 +08:00 [Demo01] [Error] SkyApm.Transport.Grpc.ConnectionManager : Connect server timeout.
System.Threading.Tasks.TaskCanceledException: Reached deadline.
   at Grpc.Core.Channel.WaitForStateChangedAsync(ChannelState lastObservedState, Nullable`1 deadline)
   at Grpc.Core.Channel.ConnectAsync(Nullable`1 deadline)
   at SkyApm.Transport.Grpc.ConnectionManager.ConnectAsync()
2023-12-16 13:02:28.835 +08:00 [Demo01] [Information] SkyApm.Transport.Grpc.ConnectionManager : Shutdown connection[127.0.0.1:11800].
2023-12-16 13:02:38.854 +08:00 [Demo01] [Error] SkyApm.Transport.Grpc.ConnectionManager : Connect server timeout.
System.Threading.Tasks.TaskCanceledException: Reached deadline.
   at Grpc.Core.Channel.WaitForStateChangedAsync(ChannelState lastObservedState, Nullable`1 deadline)
   at Grpc.Core.Channel.ConnectAsync(Nullable`1 deadline)
   at SkyApm.Transport.Grpc.ConnectionManager.ConnectAsync()
2023-12-16 13:02:43.839 +08:00 [Demo01] [Information] SkyApm.Transport.Grpc.ConnectionManager : Shutdown connection[127.0.0.1:11800].
2023-12-16 13:03:20.849 +08:00 [Demo01] [Information] SkyApm.InstrumentStartup : Initializing ...
2023-12-16 13:03:20.880 +08:00 [Demo01] [Information] SkyApm.Service.RegisterService : Loaded instrument service [SkyApm.Service.RegisterService].
2023-12-16 13:03:20.880 +08:00 [Demo01] [Information] SkyApm.Service.PingService : Loaded instrument service [SkyApm.Service.PingService].
2023-12-16 13:03:20.880 +08:00 [Demo01] [Information] SkyApm.Service.ServiceDiscoveryV5Service : Loaded instrument service [SkyApm.Service.ServiceDiscoveryV5Service].
2023-12-16 13:03:20.881 +08:00 [Demo01] [Information] SkyApm.Service.SegmentReportService : Loaded instrument service [SkyApm.Service.SegmentReportService].
2023-12-16 13:03:20.881 +08:00 [Demo01] [Information] SkyApm.Service.CLRStatsService : Loaded instrument service [SkyApm.Service.CLRStatsService].
2023-12-16 13:03:20.881 +08:00 [Demo01] [Information] SkyApm.Sampling.SimpleCountSamplingInterceptor : Loaded instrument service [SkyApm.Sampling.SimpleCountSamplingInterceptor].
2023-12-16 13:03:20.881 +08:00 [Demo01] [Information] SkyApm.Transport.Grpc.V6.ConnectService : Loaded instrument service [SkyApm.Transport.Grpc.V6.ConnectService].
2023-12-16 13:03:20.931 +08:00 [Demo01] [Information] SkyApm.Diagnostics.TracingDiagnosticProcessorObserver : Loaded diagnostic listener [HttpHandlerDiagnosticListener].
2023-12-16 13:03:20.931 +08:00 [Demo01] [Information] SkyApm.Diagnostics.TracingDiagnosticProcessorObserver : Loaded diagnostic listener [Microsoft.AspNetCore].
2023-12-16 13:03:20.932 +08:00 [Demo01] [Information] SkyApm.InstrumentStartup : Started SkyAPM .NET Core Agent.
2023-12-16 13:03:21.148 +08:00 [Demo01] [Information] SkyApm.Diagnostics.TracingDiagnosticProcessorObserver : Loaded diagnostic listener [Microsoft.EntityFrameworkCore].
2023-12-16 13:03:31.007 +08:00 [Demo01] [Error] SkyApm.Transport.Grpc.ConnectionManager : Connect server timeout.
System.Threading.Tasks.TaskCanceledException: Reached deadline.
   at Grpc.Core.Channel.WaitForStateChangedAsync(ChannelState lastObservedState, Nullable`1 deadline)
   at Grpc.Core.Channel.ConnectAsync(Nullable`1 deadline)
   at SkyApm.Transport.Grpc.ConnectionManager.ConnectAsync()
2023-12-16 13:03:35.905 +08:00 [Demo01] [Information] SkyApm.Transport.Grpc.ConnectionManager : Shutdown connection[127.0.0.1:11800].
2023-12-16 13:03:45.928 +08:00 [Demo01] [Error] SkyApm.Transport.Grpc.ConnectionManager : Connect server timeout.
System.Threading.Tasks.TaskCanceledException: Reached deadline.
   at Grpc.Core.Channel.WaitForStateChangedAsync(ChannelState lastObservedState, Nullable`1 deadline)
   at Grpc.Core.Channel.ConnectAsync(Nullable`1 deadline)
   at SkyApm.Transport.Grpc.ConnectionManager.ConnectAsync()
2023-12-16 13:03:50.902 +08:00 [Demo01] [Information] SkyApm.Transport.Grpc.ConnectionManager : Shutdown connection[127.0.0.1:11800].
2023-12-16 13:04:00.930 +08:00 [Demo01] [Error] SkyApm.Transport.Grpc.ConnectionManager : Connect server timeout.
System.Threading.Tasks.TaskCanceledException: Reached deadline.
   at Grpc.Core.Channel.WaitForStateChangedAsync(ChannelState lastObservedState, Nullable`1 deadline)
   at Grpc.Core.Channel.ConnectAsync(Nullable`1 deadline)
   at SkyApm.Transport.Grpc.ConnectionManager.ConnectAsync()
2023-12-16 13:04:05.891 +08:00 [Demo01] [Information] SkyApm.Transport.Grpc.ConnectionManager : Shutdown connection[127.0.0.1:11800].
2023-12-16 13:04:15.917 +08:00 [Demo01] [Error] SkyApm.Transport.Grpc.ConnectionManager : Connect server timeout.
System.Threading.Tasks.TaskCanceledException: Reached deadline.
   at Grpc.Core.Channel.WaitForStateChangedAsync(ChannelState lastObservedState, Nullable`1 deadline)
   at Grpc.Core.Channel.ConnectAsync(Nullable`1 deadline)
   at SkyApm.Transport.Grpc.ConnectionManager.ConnectAsync()
2023-12-16 13:04:20.911 +08:00 [Demo01] [Information] SkyApm.Transport.Grpc.ConnectionManager : Shutdown connection[127.0.0.1:11800].
2023-12-16 13:04:52.719 +08:00 [Demo01] [Information] SkyApm.InstrumentStartup : Initializing ...
2023-12-16 13:04:52.750 +08:00 [Demo01] [Information] SkyApm.Service.RegisterService : Loaded instrument service [SkyApm.Service.RegisterService].
2023-12-16 13:04:52.750 +08:00 [Demo01] [Information] SkyApm.Service.PingService : Loaded instrument service [SkyApm.Service.PingService].
2023-12-16 13:04:52.750 +08:00 [Demo01] [Information] SkyApm.Service.ServiceDiscoveryV5Service : Loaded instrument service [SkyApm.Service.ServiceDiscoveryV5Service].
2023-12-16 13:04:52.750 +08:00 [Demo01] [Information] SkyApm.Service.SegmentReportService : Loaded instrument service [SkyApm.Service.SegmentReportService].
2023-12-16 13:04:52.750 +08:00 [Demo01] [Information] SkyApm.Service.CLRStatsService : Loaded instrument service [SkyApm.Service.CLRStatsService].
2023-12-16 13:04:52.751 +08:00 [Demo01] [Information] SkyApm.Sampling.SimpleCountSamplingInterceptor : Loaded instrument service [SkyApm.Sampling.SimpleCountSamplingInterceptor].
2023-12-16 13:04:52.751 +08:00 [Demo01] [Information] SkyApm.Transport.Grpc.V6.ConnectService : Loaded instrument service [SkyApm.Transport.Grpc.V6.ConnectService].
2023-12-16 13:04:52.797 +08:00 [Demo01] [Information] SkyApm.Diagnostics.TracingDiagnosticProcessorObserver : Loaded diagnostic listener [HttpHandlerDiagnosticListener].
2023-12-16 13:04:52.798 +08:00 [Demo01] [Information] SkyApm.Diagnostics.TracingDiagnosticProcessorObserver : Loaded diagnostic listener [Microsoft.AspNetCore].
2023-12-16 13:04:52.798 +08:00 [Demo01] [Information] SkyApm.InstrumentStartup : Started SkyAPM .NET Core Agent.
2023-12-16 13:04:53.012 +08:00 [Demo01] [Information] SkyApm.Diagnostics.TracingDiagnosticProcessorObserver : Loaded diagnostic listener [Microsoft.EntityFrameworkCore].
2023-12-16 13:05:02.888 +08:00 [Demo01] [Error] SkyApm.Transport.Grpc.ConnectionManager : Connect server timeout.
System.Threading.Tasks.TaskCanceledException: Reached deadline.
   at Grpc.Core.Channel.WaitForStateChangedAsync(ChannelState lastObservedState, Nullable`1 deadline)
   at Grpc.Core.Channel.ConnectAsync(Nullable`1 deadline)
   at SkyApm.Transport.Grpc.ConnectionManager.ConnectAsync()
2023-12-16 13:05:07.790 +08:00 [Demo01] [Information] SkyApm.Transport.Grpc.ConnectionManager : Shutdown connection[127.0.0.1:11800].
2023-12-16 13:05:17.813 +08:00 [Demo01] [Error] SkyApm.Transport.Grpc.ConnectionManager : Connect server timeout.
System.Threading.Tasks.TaskCanceledException: Reached deadline.
   at Grpc.Core.Channel.WaitForStateChangedAsync(ChannelState lastObservedState, Nullable`1 deadline)
   at Grpc.Core.Channel.ConnectAsync(Nullable`1 deadline)
   at SkyApm.Transport.Grpc.ConnectionManager.ConnectAsync()
2023-12-16 13:05:22.780 +08:00 [Demo01] [Information] SkyApm.Transport.Grpc.ConnectionManager : Shutdown connection[127.0.0.1:11800].
2023-12-16 13:09:37.848 +08:00 [Demo01] [Information] SkyApm.InstrumentStartup : Initializing ...
2023-12-16 13:09:37.879 +08:00 [Demo01] [Information] SkyApm.Service.RegisterService : Loaded instrument service [SkyApm.Service.RegisterService].
2023-12-16 13:09:37.880 +08:00 [Demo01] [Information] SkyApm.Service.PingService : Loaded instrument service [SkyApm.Service.PingService].
2023-12-16 13:09:37.880 +08:00 [Demo01] [Information] SkyApm.Service.ServiceDiscoveryV5Service : Loaded instrument service [SkyApm.Service.ServiceDiscoveryV5Service].
2023-12-16 13:09:37.880 +08:00 [Demo01] [Information] SkyApm.Service.SegmentReportService : Loaded instrument service [SkyApm.Service.SegmentReportService].
2023-12-16 13:09:37.880 +08:00 [Demo01] [Information] SkyApm.Service.CLRStatsService : Loaded instrument service [SkyApm.Service.CLRStatsService].
2023-12-16 13:09:37.880 +08:00 [Demo01] [Information] SkyApm.Sampling.SimpleCountSamplingInterceptor : Loaded instrument service [SkyApm.Sampling.SimpleCountSamplingInterceptor].
2023-12-16 13:09:37.881 +08:00 [Demo01] [Information] SkyApm.Transport.Grpc.V6.ConnectService : Loaded instrument service [SkyApm.Transport.Grpc.V6.ConnectService].
2023-12-16 13:09:37.931 +08:00 [Demo01] [Information] SkyApm.Diagnostics.TracingDiagnosticProcessorObserver : Loaded diagnostic listener [HttpHandlerDiagnosticListener].
2023-12-16 13:09:37.932 +08:00 [Demo01] [Information] SkyApm.Diagnostics.TracingDiagnosticProcessorObserver : Loaded diagnostic listener [Microsoft.AspNetCore].
2023-12-16 13:09:37.932 +08:00 [Demo01] [Information] SkyApm.InstrumentStartup : Started SkyAPM .NET Core Agent.
2023-12-16 13:09:38.152 +08:00 [Demo01] [Information] SkyApm.Diagnostics.TracingDiagnosticProcessorObserver : Loaded diagnostic listener [Microsoft.EntityFrameworkCore].
2023-12-16 13:09:47.998 +08:00 [Demo01] [Error] SkyApm.Transport.Grpc.ConnectionManager : Connect server timeout.
System.Threading.Tasks.TaskCanceledException: Reached deadline.
   at Grpc.Core.Channel.WaitForStateChangedAsync(ChannelState lastObservedState, Nullable`1 deadline)
   at Grpc.Core.Channel.ConnectAsync(Nullable`1 deadline)
   at SkyApm.Transport.Grpc.ConnectionManager.ConnectAsync()
2023-12-16 13:09:52.906 +08:00 [Demo01] [Information] SkyApm.Transport.Grpc.ConnectionManager : Shutdown connection[127.0.0.1:11800].
2023-12-16 13:10:02.921 +08:00 [Demo01] [Error] SkyApm.Transport.Grpc.ConnectionManager : Connect server timeout.
System.Threading.Tasks.TaskCanceledException: Reached deadline.
   at Grpc.Core.Channel.WaitForStateChangedAsync(ChannelState lastObservedState, Nullable`1 deadline)
   at Grpc.Core.Channel.ConnectAsync(Nullable`1 deadline)
   at SkyApm.Transport.Grpc.ConnectionManager.ConnectAsync()
2023-12-16 13:10:07.906 +08:00 [Demo01] [Information] SkyApm.Transport.Grpc.ConnectionManager : Shutdown connection[127.0.0.1:11800].
2023-12-16 13:10:17.924 +08:00 [Demo01] [Error] SkyApm.Transport.Grpc.ConnectionManager : Connect server timeout.
System.Threading.Tasks.TaskCanceledException: Reached deadline.
   at Grpc.Core.Channel.WaitForStateChangedAsync(ChannelState lastObservedState, Nullable`1 deadline)
   at Grpc.Core.Channel.ConnectAsync(Nullable`1 deadline)
   at SkyApm.Transport.Grpc.ConnectionManager.ConnectAsync()
2023-12-16 13:10:22.902 +08:00 [Demo01] [Information] SkyApm.Transport.Grpc.ConnectionManager : Shutdown connection[127.0.0.1:11800].
2023-12-16 13:10:47.155 +08:00 [Demo01] [Information] SkyApm.InstrumentStartup : Initializing ...
2023-12-16 13:10:47.185 +08:00 [Demo01] [Information] SkyApm.Service.RegisterService : Loaded instrument service [SkyApm.Service.RegisterService].
2023-12-16 13:10:47.185 +08:00 [Demo01] [Information] SkyApm.Service.PingService : Loaded instrument service [SkyApm.Service.PingService].
2023-12-16 13:10:47.185 +08:00 [Demo01] [Information] SkyApm.Service.ServiceDiscoveryV5Service : Loaded instrument service [SkyApm.Service.ServiceDiscoveryV5Service].
2023-12-16 13:10:47.186 +08:00 [Demo01] [Information] SkyApm.Service.SegmentReportService : Loaded instrument service [SkyApm.Service.SegmentReportService].
2023-12-16 13:10:47.186 +08:00 [Demo01] [Information] SkyApm.Service.CLRStatsService : Loaded instrument service [SkyApm.Service.CLRStatsService].
2023-12-16 13:10:47.186 +08:00 [Demo01] [Information] SkyApm.Sampling.SimpleCountSamplingInterceptor : Loaded instrument service [SkyApm.Sampling.SimpleCountSamplingInterceptor].
2023-12-16 13:10:47.186 +08:00 [Demo01] [Information] SkyApm.Transport.Grpc.V6.ConnectService : Loaded instrument service [SkyApm.Transport.Grpc.V6.ConnectService].
2023-12-16 13:10:47.237 +08:00 [Demo01] [Information] SkyApm.Diagnostics.TracingDiagnosticProcessorObserver : Loaded diagnostic listener [HttpHandlerDiagnosticListener].
2023-12-16 13:10:47.238 +08:00 [Demo01] [Information] SkyApm.Diagnostics.TracingDiagnosticProcessorObserver : Loaded diagnostic listener [Microsoft.AspNetCore].
2023-12-16 13:10:47.238 +08:00 [Demo01] [Information] SkyApm.InstrumentStartup : Started SkyAPM .NET Core Agent.
2023-12-16 13:10:47.450 +08:00 [Demo01] [Information] SkyApm.Diagnostics.TracingDiagnosticProcessorObserver : Loaded diagnostic listener [Microsoft.EntityFrameworkCore].
2023-12-16 13:10:57.308 +08:00 [Demo01] [Error] SkyApm.Transport.Grpc.ConnectionManager : Connect server timeout.
System.Threading.Tasks.TaskCanceledException: Reached deadline.
   at Grpc.Core.Channel.WaitForStateChangedAsync(ChannelState lastObservedState, Nullable`1 deadline)
   at Grpc.Core.Channel.ConnectAsync(Nullable`1 deadline)
   at SkyApm.Transport.Grpc.ConnectionManager.ConnectAsync()
2023-12-16 13:11:02.214 +08:00 [Demo01] [Information] SkyApm.Transport.Grpc.ConnectionManager : Shutdown connection[127.0.0.1:11800].
2023-12-16 13:11:12.232 +08:00 [Demo01] [Error] SkyApm.Transport.Grpc.ConnectionManager : Connect server timeout.
System.Threading.Tasks.TaskCanceledException: Reached deadline.
   at Grpc.Core.Channel.WaitForStateChangedAsync(ChannelState lastObservedState, Nullable`1 deadline)
   at Grpc.Core.Channel.ConnectAsync(Nullable`1 deadline)
   at SkyApm.Transport.Grpc.ConnectionManager.ConnectAsync()
2023-12-16 13:11:17.221 +08:00 [Demo01] [Information] SkyApm.Transport.Grpc.ConnectionManager : Shutdown connection[127.0.0.1:11800].
2023-12-16 13:11:27.240 +08:00 [Demo01] [Error] SkyApm.Transport.Grpc.ConnectionManager : Connect server timeout.
System.Threading.Tasks.TaskCanceledException: Reached deadline.
   at Grpc.Core.Channel.WaitForStateChangedAsync(ChannelState lastObservedState, Nullable`1 deadline)
   at Grpc.Core.Channel.ConnectAsync(Nullable`1 deadline)
   at SkyApm.Transport.Grpc.ConnectionManager.ConnectAsync()
2023-12-16 13:11:32.207 +08:00 [Demo01] [Information] SkyApm.Transport.Grpc.ConnectionManager : Shutdown connection[127.0.0.1:11800].
2023-12-16 13:11:42.229 +08:00 [Demo01] [Error] SkyApm.Transport.Grpc.ConnectionManager : Connect server timeout.
System.Threading.Tasks.TaskCanceledException: Reached deadline.
   at Grpc.Core.Channel.WaitForStateChangedAsync(ChannelState lastObservedState, Nullable`1 deadline)
   at Grpc.Core.Channel.ConnectAsync(Nullable`1 deadline)
   at SkyApm.Transport.Grpc.ConnectionManager.ConnectAsync()
2023-12-16 13:11:47.208 +08:00 [Demo01] [Information] SkyApm.Transport.Grpc.ConnectionManager : Shutdown connection[127.0.0.1:11800].
2023-12-16 13:11:57.228 +08:00 [Demo01] [Error] SkyApm.Transport.Grpc.ConnectionManager : Connect server timeout.
System.Threading.Tasks.TaskCanceledException: Reached deadline.
   at Grpc.Core.Channel.WaitForStateChangedAsync(ChannelState lastObservedState, Nullable`1 deadline)
   at Grpc.Core.Channel.ConnectAsync(Nullable`1 deadline)
   at SkyApm.Transport.Grpc.ConnectionManager.ConnectAsync()
2023-12-16 13:12:02.207 +08:00 [Demo01] [Information] SkyApm.Transport.Grpc.ConnectionManager : Shutdown connection[127.0.0.1:11800].
2023-12-16 13:13:22.041 +08:00 [Demo01] [Information] SkyApm.InstrumentStartup : Initializing ...
2023-12-16 13:13:22.075 +08:00 [Demo01] [Information] SkyApm.Service.RegisterService : Loaded instrument service [SkyApm.Service.RegisterService].
2023-12-16 13:13:22.075 +08:00 [Demo01] [Information] SkyApm.Service.PingService : Loaded instrument service [SkyApm.Service.PingService].
2023-12-16 13:13:22.075 +08:00 [Demo01] [Information] SkyApm.Service.ServiceDiscoveryV5Service : Loaded instrument service [SkyApm.Service.ServiceDiscoveryV5Service].
2023-12-16 13:13:22.076 +08:00 [Demo01] [Information] SkyApm.Service.SegmentReportService : Loaded instrument service [SkyApm.Service.SegmentReportService].
2023-12-16 13:13:22.076 +08:00 [Demo01] [Information] SkyApm.Service.CLRStatsService : Loaded instrument service [SkyApm.Service.CLRStatsService].
2023-12-16 13:13:22.076 +08:00 [Demo01] [Information] SkyApm.Sampling.SimpleCountSamplingInterceptor : Loaded instrument service [SkyApm.Sampling.SimpleCountSamplingInterceptor].
2023-12-16 13:13:22.076 +08:00 [Demo01] [Information] SkyApm.Transport.Grpc.V6.ConnectService : Loaded instrument service [SkyApm.Transport.Grpc.V6.ConnectService].
2023-12-16 13:13:22.129 +08:00 [Demo01] [Information] SkyApm.Diagnostics.TracingDiagnosticProcessorObserver : Loaded diagnostic listener [HttpHandlerDiagnosticListener].
2023-12-16 13:13:22.129 +08:00 [Demo01] [Information] SkyApm.Diagnostics.TracingDiagnosticProcessorObserver : Loaded diagnostic listener [Microsoft.AspNetCore].
2023-12-16 13:13:22.130 +08:00 [Demo01] [Information] SkyApm.InstrumentStartup : Started SkyAPM .NET Core Agent.
2023-12-16 13:13:22.352 +08:00 [Demo01] [Information] SkyApm.Diagnostics.TracingDiagnosticProcessorObserver : Loaded diagnostic listener [Microsoft.EntityFrameworkCore].
2023-12-16 13:13:32.205 +08:00 [Demo01] [Error] SkyApm.Transport.Grpc.ConnectionManager : Connect server timeout.
System.Threading.Tasks.TaskCanceledException: Reached deadline.
   at Grpc.Core.Channel.WaitForStateChangedAsync(ChannelState lastObservedState, Nullable`1 deadline)
   at Grpc.Core.Channel.ConnectAsync(Nullable`1 deadline)
   at SkyApm.Transport.Grpc.ConnectionManager.ConnectAsync()
2023-12-16 13:13:37.107 +08:00 [Demo01] [Information] SkyApm.Transport.Grpc.ConnectionManager : Shutdown connection[127.0.0.1:11800].
2023-12-16 13:15:53.620 +08:00 [Demo01] [Information] SkyApm.InstrumentStartup : Initializing ...
2023-12-16 13:15:53.639 +08:00 [Demo01] [Information] SkyApm.Service.RegisterService : Loaded instrument service [SkyApm.Service.RegisterService].
2023-12-16 13:15:53.639 +08:00 [Demo01] [Information] SkyApm.Service.PingService : Loaded instrument service [SkyApm.Service.PingService].
2023-12-16 13:15:53.639 +08:00 [Demo01] [Information] SkyApm.Service.ServiceDiscoveryV5Service : Loaded instrument service [SkyApm.Service.ServiceDiscoveryV5Service].
2023-12-16 13:15:53.640 +08:00 [Demo01] [Information] SkyApm.Service.SegmentReportService : Loaded instrument service [SkyApm.Service.SegmentReportService].
2023-12-16 13:15:53.640 +08:00 [Demo01] [Information] SkyApm.Service.CLRStatsService : Loaded instrument service [SkyApm.Service.CLRStatsService].
2023-12-16 13:15:53.640 +08:00 [Demo01] [Information] SkyApm.Sampling.SimpleCountSamplingInterceptor : Loaded instrument service [SkyApm.Sampling.SimpleCountSamplingInterceptor].
2023-12-16 13:15:53.640 +08:00 [Demo01] [Information] SkyApm.Transport.Grpc.V6.ConnectService : Loaded instrument service [SkyApm.Transport.Grpc.V6.ConnectService].
2023-12-16 13:15:53.662 +08:00 [Demo01] [Information] SkyApm.Diagnostics.TracingDiagnosticProcessorObserver : Loaded diagnostic listener [HttpHandlerDiagnosticListener].
2023-12-16 13:15:53.664 +08:00 [Demo01] [Information] SkyApm.Diagnostics.TracingDiagnosticProcessorObserver : Loaded diagnostic listener [Microsoft.AspNetCore].
2023-12-16 13:15:53.664 +08:00 [Demo01] [Information] SkyApm.InstrumentStartup : Started SkyAPM .NET Core Agent.
2023-12-16 13:15:53.814 +08:00 [Demo01] [Information] SkyApm.Diagnostics.TracingDiagnosticProcessorObserver : Loaded diagnostic listener [Microsoft.EntityFrameworkCore].
2023-12-16 13:16:03.699 +08:00 [Demo01] [Error] SkyApm.Transport.Grpc.ConnectionManager : Connect server timeout.
System.Threading.Tasks.TaskCanceledException: Reached deadline.
   at Grpc.Core.Channel.WaitForStateChangedAsync(ChannelState lastObservedState, Nullable`1 deadline)
   at Grpc.Core.Channel.ConnectAsync(Nullable`1 deadline)
   at SkyApm.Transport.Grpc.ConnectionManager.ConnectAsync()
2023-12-16 13:16:08.656 +08:00 [Demo01] [Information] SkyApm.Transport.Grpc.ConnectionManager : Shutdown connection[127.0.0.1:11800].
2023-12-16 13:16:18.668 +08:00 [Demo01] [Error] SkyApm.Transport.Grpc.ConnectionManager : Connect server timeout.
System.Threading.Tasks.TaskCanceledException: Reached deadline.
   at Grpc.Core.Channel.WaitForStateChangedAsync(ChannelState lastObservedState, Nullable`1 deadline)
   at Grpc.Core.Channel.ConnectAsync(Nullable`1 deadline)
   at SkyApm.Transport.Grpc.ConnectionManager.ConnectAsync()
2023-12-16 13:16:23.649 +08:00 [Demo01] [Information] SkyApm.Transport.Grpc.ConnectionManager : Shutdown connection[127.0.0.1:11800].
2023-12-16 13:16:33.320 +08:00 [Demo01] [Information] SkyApm.Service.RegisterService : Stopped instrument service RegisterService.
2023-12-16 13:16:33.320 +08:00 [Demo01] [Information] SkyApm.Service.PingService : Stopped instrument service PingService.
2023-12-16 13:16:33.320 +08:00 [Demo01] [Information] SkyApm.Service.ServiceDiscoveryV5Service : Stopped instrument service ServiceDiscoveryV5Service.
2023-12-16 13:16:33.320 +08:00 [Demo01] [Information] SkyApm.Service.SegmentReportService : Stopped instrument service SegmentReportService.
2023-12-16 13:16:33.320 +08:00 [Demo01] [Information] SkyApm.Service.CLRStatsService : Stopped instrument service CLRStatsService.
2023-12-16 13:16:33.320 +08:00 [Demo01] [Information] SkyApm.Sampling.SimpleCountSamplingInterceptor : Stopped instrument service SimpleCountSamplingInterceptor.
2023-12-16 13:16:33.320 +08:00 [Demo01] [Information] SkyApm.Transport.Grpc.V6.ConnectService : Stopped instrument service ConnectService.
2023-12-16 13:16:33.320 +08:00 [Demo01] [Information] SkyApm.InstrumentStartup : Stopped SkyAPM .NET Core Agent.
2023-12-16 13:16:33.660 +08:00 [Demo01] [Error] SkyApm.Transport.Grpc.ConnectionManager : Connect server timeout.
System.Threading.Tasks.TaskCanceledException: Reached deadline.
   at Grpc.Core.Channel.WaitForStateChangedAsync(ChannelState lastObservedState, Nullable`1 deadline)
   at Grpc.Core.Channel.ConnectAsync(Nullable`1 deadline)
   at SkyApm.Transport.Grpc.ConnectionManager.ConnectAsync()
2023-12-16 13:26:12.748 +08:00 [Demo01] [Information] SkyApm.InstrumentStartup : Initializing ...
2023-12-16 13:26:12.779 +08:00 [Demo01] [Information] SkyApm.Service.RegisterService : Loaded instrument service [SkyApm.Service.RegisterService].
2023-12-16 13:26:12.779 +08:00 [Demo01] [Information] SkyApm.Service.PingService : Loaded instrument service [SkyApm.Service.PingService].
2023-12-16 13:26:12.779 +08:00 [Demo01] [Information] SkyApm.Service.ServiceDiscoveryV5Service : Loaded instrument service [SkyApm.Service.ServiceDiscoveryV5Service].
2023-12-16 13:26:12.779 +08:00 [Demo01] [Information] SkyApm.Service.SegmentReportService : Loaded instrument service [SkyApm.Service.SegmentReportService].
2023-12-16 13:26:12.780 +08:00 [Demo01] [Information] SkyApm.Service.CLRStatsService : Loaded instrument service [SkyApm.Service.CLRStatsService].
2023-12-16 13:26:12.780 +08:00 [Demo01] [Information] SkyApm.Sampling.SimpleCountSamplingInterceptor : Loaded instrument service [SkyApm.Sampling.SimpleCountSamplingInterceptor].
2023-12-16 13:26:12.780 +08:00 [Demo01] [Information] SkyApm.Transport.Grpc.V6.ConnectService : Loaded instrument service [SkyApm.Transport.Grpc.V6.ConnectService].
2023-12-16 13:26:12.829 +08:00 [Demo01] [Information] SkyApm.Diagnostics.TracingDiagnosticProcessorObserver : Loaded diagnostic listener [HttpHandlerDiagnosticListener].
2023-12-16 13:26:12.830 +08:00 [Demo01] [Information] SkyApm.Diagnostics.TracingDiagnosticProcessorObserver : Loaded diagnostic listener [Microsoft.AspNetCore].
2023-12-16 13:26:12.830 +08:00 [Demo01] [Information] SkyApm.InstrumentStartup : Started SkyAPM .NET Core Agent.
2023-12-16 13:26:13.047 +08:00 [Demo01] [Information] SkyApm.Diagnostics.TracingDiagnosticProcessorObserver : Loaded diagnostic listener [Microsoft.EntityFrameworkCore].
2023-12-16 13:26:22.899 +08:00 [Demo01] [Error] SkyApm.Transport.Grpc.ConnectionManager : Connect server timeout.
System.Threading.Tasks.TaskCanceledException: Reached deadline.
   at Grpc.Core.Channel.WaitForStateChangedAsync(ChannelState lastObservedState, Nullable`1 deadline)
   at Grpc.Core.Channel.ConnectAsync(Nullable`1 deadline)
   at SkyApm.Transport.Grpc.ConnectionManager.ConnectAsync()
2023-12-16 13:26:27.804 +08:00 [Demo01] [Information] SkyApm.Transport.Grpc.ConnectionManager : Shutdown connection[127.0.0.1:11800].
2023-12-16 13:26:37.818 +08:00 [Demo01] [Error] SkyApm.Transport.Grpc.ConnectionManager : Connect server timeout.
System.Threading.Tasks.TaskCanceledException: Reached deadline.
   at Grpc.Core.Channel.WaitForStateChangedAsync(ChannelState lastObservedState, Nullable`1 deadline)
   at Grpc.Core.Channel.ConnectAsync(Nullable`1 deadline)
   at SkyApm.Transport.Grpc.ConnectionManager.ConnectAsync()
2023-12-16 13:26:42.806 +08:00 [Demo01] [Information] SkyApm.Transport.Grpc.ConnectionManager : Shutdown connection[127.0.0.1:11800].
2023-12-16 13:26:52.821 +08:00 [Demo01] [Error] SkyApm.Transport.Grpc.ConnectionManager : Connect server timeout.
System.Threading.Tasks.TaskCanceledException: Reached deadline.
   at Grpc.Core.Channel.WaitForStateChangedAsync(ChannelState lastObservedState, Nullable`1 deadline)
   at Grpc.Core.Channel.ConnectAsync(Nullable`1 deadline)
   at SkyApm.Transport.Grpc.ConnectionManager.ConnectAsync()
2023-12-16 13:26:57.807 +08:00 [Demo01] [Information] SkyApm.Transport.Grpc.ConnectionManager : Shutdown connection[127.0.0.1:11800].
2023-12-16 13:27:07.832 +08:00 [Demo01] [Error] SkyApm.Transport.Grpc.ConnectionManager : Connect server timeout.
System.Threading.Tasks.TaskCanceledException: Reached deadline.
   at Grpc.Core.Channel.WaitForStateChangedAsync(ChannelState lastObservedState, Nullable`1 deadline)
   at Grpc.Core.Channel.ConnectAsync(Nullable`1 deadline)
   at SkyApm.Transport.Grpc.ConnectionManager.ConnectAsync()
2023-12-16 13:27:12.802 +08:00 [Demo01] [Information] SkyApm.Transport.Grpc.ConnectionManager : Shutdown connection[127.0.0.1:11800].
2023-12-16 13:27:22.826 +08:00 [Demo01] [Error] SkyApm.Transport.Grpc.ConnectionManager : Connect server timeout.
System.Threading.Tasks.TaskCanceledException: Reached deadline.
   at Grpc.Core.Channel.WaitForStateChangedAsync(ChannelState lastObservedState, Nullable`1 deadline)
   at Grpc.Core.Channel.ConnectAsync(Nullable`1 deadline)
   at SkyApm.Transport.Grpc.ConnectionManager.ConnectAsync()
2023-12-16 13:28:16.564 +08:00 [Demo01] [Information] SkyApm.InstrumentStartup : Initializing ...
2023-12-16 13:28:16.596 +08:00 [Demo01] [Information] SkyApm.Service.RegisterService : Loaded instrument service [SkyApm.Service.RegisterService].
2023-12-16 13:28:16.596 +08:00 [Demo01] [Information] SkyApm.Service.PingService : Loaded instrument service [SkyApm.Service.PingService].
2023-12-16 13:28:16.597 +08:00 [Demo01] [Information] SkyApm.Service.ServiceDiscoveryV5Service : Loaded instrument service [SkyApm.Service.ServiceDiscoveryV5Service].
2023-12-16 13:28:16.597 +08:00 [Demo01] [Information] SkyApm.Service.SegmentReportService : Loaded instrument service [SkyApm.Service.SegmentReportService].
2023-12-16 13:28:16.597 +08:00 [Demo01] [Information] SkyApm.Service.CLRStatsService : Loaded instrument service [SkyApm.Service.CLRStatsService].
2023-12-16 13:28:16.597 +08:00 [Demo01] [Information] SkyApm.Sampling.SimpleCountSamplingInterceptor : Loaded instrument service [SkyApm.Sampling.SimpleCountSamplingInterceptor].
2023-12-16 13:28:16.597 +08:00 [Demo01] [Information] SkyApm.Transport.Grpc.V6.ConnectService : Loaded instrument service [SkyApm.Transport.Grpc.V6.ConnectService].
2023-12-16 13:28:16.648 +08:00 [Demo01] [Information] SkyApm.Diagnostics.TracingDiagnosticProcessorObserver : Loaded diagnostic listener [HttpHandlerDiagnosticListener].
2023-12-16 13:28:16.649 +08:00 [Demo01] [Information] SkyApm.Diagnostics.TracingDiagnosticProcessorObserver : Loaded diagnostic listener [Microsoft.AspNetCore].
2023-12-16 13:28:16.649 +08:00 [Demo01] [Information] SkyApm.InstrumentStartup : Started SkyAPM .NET Core Agent.
2023-12-16 13:28:16.877 +08:00 [Demo01] [Information] SkyApm.Diagnostics.TracingDiagnosticProcessorObserver : Loaded diagnostic listener [Microsoft.EntityFrameworkCore].
2023-12-16 13:28:26.716 +08:00 [Demo01] [Error] SkyApm.Transport.Grpc.ConnectionManager : Connect server timeout.
System.Threading.Tasks.TaskCanceledException: Reached deadline.
   at Grpc.Core.Channel.WaitForStateChangedAsync(ChannelState lastObservedState, Nullable`1 deadline)
   at Grpc.Core.Channel.ConnectAsync(Nullable`1 deadline)
   at SkyApm.Transport.Grpc.ConnectionManager.ConnectAsync()
2023-12-16 13:28:31.628 +08:00 [Demo01] [Information] SkyApm.Transport.Grpc.ConnectionManager : Shutdown connection[127.0.0.1:11800].
2023-12-16 13:28:41.657 +08:00 [Demo01] [Error] SkyApm.Transport.Grpc.ConnectionManager : Connect server timeout.
System.Threading.Tasks.TaskCanceledException: Reached deadline.
   at Grpc.Core.Channel.WaitForStateChangedAsync(ChannelState lastObservedState, Nullable`1 deadline)
   at Grpc.Core.Channel.ConnectAsync(Nullable`1 deadline)
   at SkyApm.Transport.Grpc.ConnectionManager.ConnectAsync()
2023-12-16 13:28:46.631 +08:00 [Demo01] [Information] SkyApm.Transport.Grpc.ConnectionManager : Shutdown connection[127.0.0.1:11800].
2023-12-16 13:28:56.656 +08:00 [Demo01] [Error] SkyApm.Transport.Grpc.ConnectionManager : Connect server timeout.
System.Threading.Tasks.TaskCanceledException: Reached deadline.
   at Grpc.Core.Channel.WaitForStateChangedAsync(ChannelState lastObservedState, Nullable`1 deadline)
   at Grpc.Core.Channel.ConnectAsync(Nullable`1 deadline)
   at SkyApm.Transport.Grpc.ConnectionManager.ConnectAsync()
2023-12-16 13:29:01.613 +08:00 [Demo01] [Information] SkyApm.Transport.Grpc.ConnectionManager : Shutdown connection[127.0.0.1:11800].
2023-12-16 13:29:11.673 +08:00 [Demo01] [Error] SkyApm.Transport.Grpc.ConnectionManager : Connect server timeout.
System.Threading.Tasks.TaskCanceledException: Reached deadline.
   at Grpc.Core.Channel.WaitForStateChangedAsync(ChannelState lastObservedState, Nullable`1 deadline)
   at Grpc.Core.Channel.ConnectAsync(Nullable`1 deadline)
   at SkyApm.Transport.Grpc.ConnectionManager.ConnectAsync()
2023-12-16 13:29:16.617 +08:00 [Demo01] [Information] SkyApm.Transport.Grpc.ConnectionManager : Shutdown connection[127.0.0.1:11800].
2023-12-16 13:29:26.645 +08:00 [Demo01] [Error] SkyApm.Transport.Grpc.ConnectionManager : Connect server timeout.
System.Threading.Tasks.TaskCanceledException: Reached deadline.
   at Grpc.Core.Channel.WaitForStateChangedAsync(ChannelState lastObservedState, Nullable`1 deadline)
   at Grpc.Core.Channel.ConnectAsync(Nullable`1 deadline)
   at SkyApm.Transport.Grpc.ConnectionManager.ConnectAsync()
2023-12-16 13:29:31.629 +08:00 [Demo01] [Information] SkyApm.Transport.Grpc.ConnectionManager : Shutdown connection[127.0.0.1:11800].
2023-12-16 13:29:41.659 +08:00 [Demo01] [Error] SkyApm.Transport.Grpc.ConnectionManager : Connect server timeout.
System.Threading.Tasks.TaskCanceledException: Reached deadline.
   at Grpc.Core.Channel.WaitForStateChangedAsync(ChannelState lastObservedState, Nullable`1 deadline)
   at Grpc.Core.Channel.ConnectAsync(Nullable`1 deadline)
   at SkyApm.Transport.Grpc.ConnectionManager.ConnectAsync()
2023-12-16 13:29:46.624 +08:00 [Demo01] [Information] SkyApm.Transport.Grpc.ConnectionManager : Shutdown connection[127.0.0.1:11800].
2023-12-16 13:29:56.640 +08:00 [Demo01] [Error] SkyApm.Transport.Grpc.ConnectionManager : Connect server timeout.
System.Threading.Tasks.TaskCanceledException: Reached deadline.
   at Grpc.Core.Channel.WaitForStateChangedAsync(ChannelState lastObservedState, Nullable`1 deadline)
   at Grpc.Core.Channel.ConnectAsync(Nullable`1 deadline)
   at SkyApm.Transport.Grpc.ConnectionManager.ConnectAsync()
2023-12-16 13:30:01.627 +08:00 [Demo01] [Information] SkyApm.Transport.Grpc.ConnectionManager : Shutdown connection[127.0.0.1:11800].
2023-12-16 13:30:11.655 +08:00 [Demo01] [Error] SkyApm.Transport.Grpc.ConnectionManager : Connect server timeout.
System.Threading.Tasks.TaskCanceledException: Reached deadline.
   at Grpc.Core.Channel.WaitForStateChangedAsync(ChannelState lastObservedState, Nullable`1 deadline)
   at Grpc.Core.Channel.ConnectAsync(Nullable`1 deadline)
   at SkyApm.Transport.Grpc.ConnectionManager.ConnectAsync()
2023-12-16 13:30:16.613 +08:00 [Demo01] [Information] SkyApm.Transport.Grpc.ConnectionManager : Shutdown connection[127.0.0.1:11800].
2023-12-16 13:30:26.632 +08:00 [Demo01] [Error] SkyApm.Transport.Grpc.ConnectionManager : Connect server timeout.
System.Threading.Tasks.TaskCanceledException: Reached deadline.
   at Grpc.Core.Channel.WaitForStateChangedAsync(ChannelState lastObservedState, Nullable`1 deadline)
   at Grpc.Core.Channel.ConnectAsync(Nullable`1 deadline)
   at SkyApm.Transport.Grpc.ConnectionManager.ConnectAsync()
2023-12-16 13:30:31.617 +08:00 [Demo01] [Information] SkyApm.Transport.Grpc.ConnectionManager : Shutdown connection[127.0.0.1:11800].
2023-12-16 13:30:41.644 +08:00 [Demo01] [Error] SkyApm.Transport.Grpc.ConnectionManager : Connect server timeout.
System.Threading.Tasks.TaskCanceledException: Reached deadline.
   at Grpc.Core.Channel.WaitForStateChangedAsync(ChannelState lastObservedState, Nullable`1 deadline)
   at Grpc.Core.Channel.ConnectAsync(Nullable`1 deadline)
   at SkyApm.Transport.Grpc.ConnectionManager.ConnectAsync()
2023-12-16 13:30:46.626 +08:00 [Demo01] [Information] SkyApm.Transport.Grpc.ConnectionManager : Shutdown connection[127.0.0.1:11800].
2023-12-16 13:30:56.651 +08:00 [Demo01] [Error] SkyApm.Transport.Grpc.ConnectionManager : Connect server timeout.
System.Threading.Tasks.TaskCanceledException: Reached deadline.
   at Grpc.Core.Channel.WaitForStateChangedAsync(ChannelState lastObservedState, Nullable`1 deadline)
   at Grpc.Core.Channel.ConnectAsync(Nullable`1 deadline)
   at SkyApm.Transport.Grpc.ConnectionManager.ConnectAsync()
2023-12-16 13:31:01.631 +08:00 [Demo01] [Information] SkyApm.Transport.Grpc.ConnectionManager : Shutdown connection[127.0.0.1:11800].
2023-12-16 13:31:11.657 +08:00 [Demo01] [Error] SkyApm.Transport.Grpc.ConnectionManager : Connect server timeout.
System.Threading.Tasks.TaskCanceledException: Reached deadline.
   at Grpc.Core.Channel.WaitForStateChangedAsync(ChannelState lastObservedState, Nullable`1 deadline)
   at Grpc.Core.Channel.ConnectAsync(Nullable`1 deadline)
   at SkyApm.Transport.Grpc.ConnectionManager.ConnectAsync()
2023-12-16 13:31:16.619 +08:00 [Demo01] [Information] SkyApm.Transport.Grpc.ConnectionManager : Shutdown connection[127.0.0.1:11800].
2023-12-16 13:31:26.641 +08:00 [Demo01] [Error] SkyApm.Transport.Grpc.ConnectionManager : Connect server timeout.
System.Threading.Tasks.TaskCanceledException: Reached deadline.
   at Grpc.Core.Channel.WaitForStateChangedAsync(ChannelState lastObservedState, Nullable`1 deadline)
   at Grpc.Core.Channel.ConnectAsync(Nullable`1 deadline)
   at SkyApm.Transport.Grpc.ConnectionManager.ConnectAsync()
2023-12-16 13:31:31.622 +08:00 [Demo01] [Information] SkyApm.Transport.Grpc.ConnectionManager : Shutdown connection[127.0.0.1:11800].
2023-12-16 13:31:41.644 +08:00 [Demo01] [Error] SkyApm.Transport.Grpc.ConnectionManager : Connect server timeout.
System.Threading.Tasks.TaskCanceledException: Reached deadline.
   at Grpc.Core.Channel.WaitForStateChangedAsync(ChannelState lastObservedState, Nullable`1 deadline)
   at Grpc.Core.Channel.ConnectAsync(Nullable`1 deadline)
   at SkyApm.Transport.Grpc.ConnectionManager.ConnectAsync()
2023-12-16 13:31:46.625 +08:00 [Demo01] [Information] SkyApm.Transport.Grpc.ConnectionManager : Shutdown connection[127.0.0.1:11800].
2023-12-16 13:31:56.649 +08:00 [Demo01] [Error] SkyApm.Transport.Grpc.ConnectionManager : Connect server timeout.
System.Threading.Tasks.TaskCanceledException: Reached deadline.
   at Grpc.Core.Channel.WaitForStateChangedAsync(ChannelState lastObservedState, Nullable`1 deadline)
   at Grpc.Core.Channel.ConnectAsync(Nullable`1 deadline)
   at SkyApm.Transport.Grpc.ConnectionManager.ConnectAsync()
2023-12-16 13:32:01.625 +08:00 [Demo01] [Information] SkyApm.Transport.Grpc.ConnectionManager : Shutdown connection[127.0.0.1:11800].
2023-12-16 13:32:11.652 +08:00 [Demo01] [Error] SkyApm.Transport.Grpc.ConnectionManager : Connect server timeout.
System.Threading.Tasks.TaskCanceledException: Reached deadline.
   at Grpc.Core.Channel.WaitForStateChangedAsync(ChannelState lastObservedState, Nullable`1 deadline)
   at Grpc.Core.Channel.ConnectAsync(Nullable`1 deadline)
   at SkyApm.Transport.Grpc.ConnectionManager.ConnectAsync()
2023-12-16 13:32:16.622 +08:00 [Demo01] [Information] SkyApm.Transport.Grpc.ConnectionManager : Shutdown connection[127.0.0.1:11800].
2023-12-16 13:32:26.643 +08:00 [Demo01] [Error] SkyApm.Transport.Grpc.ConnectionManager : Connect server timeout.
System.Threading.Tasks.TaskCanceledException: Reached deadline.
   at Grpc.Core.Channel.WaitForStateChangedAsync(ChannelState lastObservedState, Nullable`1 deadline)
   at Grpc.Core.Channel.ConnectAsync(Nullable`1 deadline)
   at SkyApm.Transport.Grpc.ConnectionManager.ConnectAsync()
2023-12-16 13:32:31.621 +08:00 [Demo01] [Information] SkyApm.Transport.Grpc.ConnectionManager : Shutdown connection[127.0.0.1:11800].
2023-12-16 13:32:41.651 +08:00 [Demo01] [Error] SkyApm.Transport.Grpc.ConnectionManager : Connect server timeout.
System.Threading.Tasks.TaskCanceledException: Reached deadline.
   at Grpc.Core.Channel.WaitForStateChangedAsync(ChannelState lastObservedState, Nullable`1 deadline)
   at Grpc.Core.Channel.ConnectAsync(Nullable`1 deadline)
   at SkyApm.Transport.Grpc.ConnectionManager.ConnectAsync()
2023-12-16 13:32:46.624 +08:00 [Demo01] [Information] SkyApm.Transport.Grpc.ConnectionManager : Shutdown connection[127.0.0.1:11800].
2023-12-16 13:32:56.641 +08:00 [Demo01] [Error] SkyApm.Transport.Grpc.ConnectionManager : Connect server timeout.
System.Threading.Tasks.TaskCanceledException: Reached deadline.
   at Grpc.Core.Channel.WaitForStateChangedAsync(ChannelState lastObservedState, Nullable`1 deadline)
   at Grpc.Core.Channel.ConnectAsync(Nullable`1 deadline)
   at SkyApm.Transport.Grpc.ConnectionManager.ConnectAsync()
2023-12-16 13:33:01.621 +08:00 [Demo01] [Information] SkyApm.Transport.Grpc.ConnectionManager : Shutdown connection[127.0.0.1:11800].
2023-12-16 13:33:11.640 +08:00 [Demo01] [Error] SkyApm.Transport.Grpc.ConnectionManager : Connect server timeout.
System.Threading.Tasks.TaskCanceledException: Reached deadline.
   at Grpc.Core.Channel.WaitForStateChangedAsync(ChannelState lastObservedState, Nullable`1 deadline)
   at Grpc.Core.Channel.ConnectAsync(Nullable`1 deadline)
   at SkyApm.Transport.Grpc.ConnectionManager.ConnectAsync()
2023-12-16 13:34:58.986 +08:00 [Demo01] [Information] SkyApm.InstrumentStartup : Initializing ...
2023-12-16 13:34:59.026 +08:00 [Demo01] [Information] SkyApm.Service.RegisterService : Loaded instrument service [SkyApm.Service.RegisterService].
2023-12-16 13:34:59.026 +08:00 [Demo01] [Information] SkyApm.Service.PingService : Loaded instrument service [SkyApm.Service.PingService].
2023-12-16 13:34:59.027 +08:00 [Demo01] [Information] SkyApm.Service.ServiceDiscoveryV5Service : Loaded instrument service [SkyApm.Service.ServiceDiscoveryV5Service].
2023-12-16 13:34:59.027 +08:00 [Demo01] [Information] SkyApm.Service.SegmentReportService : Loaded instrument service [SkyApm.Service.SegmentReportService].
2023-12-16 13:34:59.027 +08:00 [Demo01] [Information] SkyApm.Service.CLRStatsService : Loaded instrument service [SkyApm.Service.CLRStatsService].
2023-12-16 13:34:59.027 +08:00 [Demo01] [Information] SkyApm.Sampling.SimpleCountSamplingInterceptor : Loaded instrument service [SkyApm.Sampling.SimpleCountSamplingInterceptor].
2023-12-16 13:34:59.027 +08:00 [Demo01] [Information] SkyApm.Transport.Grpc.V6.ConnectService : Loaded instrument service [SkyApm.Transport.Grpc.V6.ConnectService].
2023-12-16 13:34:59.073 +08:00 [Demo01] [Information] SkyApm.Diagnostics.TracingDiagnosticProcessorObserver : Loaded diagnostic listener [HttpHandlerDiagnosticListener].
2023-12-16 13:34:59.074 +08:00 [Demo01] [Information] SkyApm.Diagnostics.TracingDiagnosticProcessorObserver : Loaded diagnostic listener [Microsoft.AspNetCore].
2023-12-16 13:34:59.074 +08:00 [Demo01] [Information] SkyApm.InstrumentStartup : Started SkyAPM .NET Core Agent.
2023-12-16 13:34:59.301 +08:00 [Demo01] [Information] SkyApm.Diagnostics.TracingDiagnosticProcessorObserver : Loaded diagnostic listener [Microsoft.EntityFrameworkCore].
2023-12-16 13:35:09.152 +08:00 [Demo01] [Error] SkyApm.Transport.Grpc.ConnectionManager : Connect server timeout.
System.Threading.Tasks.TaskCanceledException: Reached deadline.
   at Grpc.Core.Channel.WaitForStateChangedAsync(ChannelState lastObservedState, Nullable`1 deadline)
   at Grpc.Core.Channel.ConnectAsync(Nullable`1 deadline)
   at SkyApm.Transport.Grpc.ConnectionManager.ConnectAsync()
2023-12-16 13:35:14.059 +08:00 [Demo01] [Information] SkyApm.Transport.Grpc.ConnectionManager : Shutdown connection[127.0.0.1:11800].
2023-12-16 13:35:24.076 +08:00 [Demo01] [Error] SkyApm.Transport.Grpc.ConnectionManager : Connect server timeout.
System.Threading.Tasks.TaskCanceledException: Reached deadline.
   at Grpc.Core.Channel.WaitForStateChangedAsync(ChannelState lastObservedState, Nullable`1 deadline)
   at Grpc.Core.Channel.ConnectAsync(Nullable`1 deadline)
   at SkyApm.Transport.Grpc.ConnectionManager.ConnectAsync()
2023-12-16 13:35:29.059 +08:00 [Demo01] [Information] SkyApm.Transport.Grpc.ConnectionManager : Shutdown connection[127.0.0.1:11800].
2023-12-16 13:35:39.082 +08:00 [Demo01] [Error] SkyApm.Transport.Grpc.ConnectionManager : Connect server timeout.
System.Threading.Tasks.TaskCanceledException: Reached deadline.
   at Grpc.Core.Channel.WaitForStateChangedAsync(ChannelState lastObservedState, Nullable`1 deadline)
   at Grpc.Core.Channel.ConnectAsync(Nullable`1 deadline)
   at SkyApm.Transport.Grpc.ConnectionManager.ConnectAsync()
2023-12-16 13:35:44.041 +08:00 [Demo01] [Information] SkyApm.Transport.Grpc.ConnectionManager : Shutdown connection[127.0.0.1:11800].
2023-12-16 13:35:54.056 +08:00 [Demo01] [Error] SkyApm.Transport.Grpc.ConnectionManager : Connect server timeout.
System.Threading.Tasks.TaskCanceledException: Reached deadline.
   at Grpc.Core.Channel.WaitForStateChangedAsync(ChannelState lastObservedState, Nullable`1 deadline)
   at Grpc.Core.Channel.ConnectAsync(Nullable`1 deadline)
   at SkyApm.Transport.Grpc.ConnectionManager.ConnectAsync()
2023-12-16 13:35:59.042 +08:00 [Demo01] [Information] SkyApm.Transport.Grpc.ConnectionManager : Shutdown connection[127.0.0.1:11800].
2023-12-16 13:36:09.073 +08:00 [Demo01] [Error] SkyApm.Transport.Grpc.ConnectionManager : Connect server timeout.
System.Threading.Tasks.TaskCanceledException: Reached deadline.
   at Grpc.Core.Channel.WaitForStateChangedAsync(ChannelState lastObservedState, Nullable`1 deadline)
   at Grpc.Core.Channel.ConnectAsync(Nullable`1 deadline)
   at SkyApm.Transport.Grpc.ConnectionManager.ConnectAsync()
